Using pre-set license
Built from '2023.2/staging' branch; Version is '2023.2.7f1 (0a9195b3d453) revision 692629'; Using compiler version '193431935'; Build Type 'Release'
OS: 'Windows 10  (10.0.19045) 64bit Enterprise' Language: 'hu' Physical Memory: 8046 MB
BatchMode: 1, IsHumanControllingUs: 0, StartBugReporterOnCrash: 0, Is64bit: 1, IsPro: 1

COMMAND LINE ARGUMENTS:
D:\Suli\Unity\Unity 2023.2.7f1\Editor\Unity.exe
-adb2
-batchMode
-noUpm
-name
AssetImportWorker2
-projectPath
D:/Suli/GitHub/SchoolTD/SchoolTD_3.2.7f1
-logFile
Logs/AssetImportWorker2.log
-srvPort
49181
-job-worker-count
1
-background-job-worker-count
8
-asset-garbage-collectors
1
Successfully changed project path to: D:/Suli/GitHub/SchoolTD/SchoolTD_3.2.7f1
D:/Suli/GitHub/SchoolTD/SchoolTD_3.2.7f1
[UnityMemory] Configuration Parameters - Can be set up in boot.config
    "memorysetup-bucket-allocator-granularity=16"
    "memorysetup-bucket-allocator-bucket-count=8"
    "memorysetup-bucket-allocator-block-size=33554432"
    "memorysetup-bucket-allocator-block-count=8"
    "memorysetup-main-allocator-block-size=16777216"
    "memorysetup-thread-allocator-block-size=16777216"
    "memorysetup-gfx-main-allocator-block-size=16777216"
    "memorysetup-gfx-thread-allocator-block-size=16777216"
    "memorysetup-cache-allocator-block-size=4194304"
    "memorysetup-typetree-allocator-block-size=2097152"
    "memorysetup-profiler-bucket-allocator-granularity=16"
    "memorysetup-profiler-bucket-allocator-bucket-count=8"
    "memorysetup-profiler-bucket-allocator-block-size=33554432"
    "memorysetup-profiler-bucket-allocator-block-count=8"
    "memorysetup-profiler-allocator-block-size=16777216"
    "memorysetup-profiler-editor-allocator-block-size=1048576"
    "memorysetup-temp-allocator-size-main=16777216"
    "memorysetup-job-temp-allocator-block-size=2097152"
    "memorysetup-job-temp-allocator-block-size-background=1048576"
    "memorysetup-job-temp-allocator-reduction-small-platforms=262144"
    "memorysetup-allocator-temp-initial-block-size-main=262144"
    "memorysetup-allocator-temp-initial-block-size-worker=262144"
    "memorysetup-temp-allocator-size-background-worker=32768"
    "memorysetup-temp-allocator-size-job-worker=262144"
    "memorysetup-temp-allocator-size-preload-manager=33554432"
    "memorysetup-temp-allocator-size-nav-mesh-worker=65536"
    "memorysetup-temp-allocator-size-audio-worker=65536"
    "memorysetup-temp-allocator-size-cloud-worker=32768"
    "memorysetup-temp-allocator-size-gi-baking-worker=262144"
    "memorysetup-temp-allocator-size-gi-baking-worker=262144"
    "memorysetup-temp-allocator-size-gi-baking-worker=262144"
    "memorysetup-temp-allocator-size-gi-baking-worker=262144"
    "memorysetup-temp-allocator-size-gfx=262144"
Player connection [508] Host "[IP] 100.125.134.51 [Port] 0 [Flags] 2 [Guid] 1806174626 [EditorId] 1806174626 [Version] 1048832 [Id] WindowsEditor(7,DESKTOP-TCUQJSQ) [Debug] 1 [PackageName] WindowsEditor [ProjectName] Editor" joined multi-casting on [225.0.0.222:54997]...
Player connection [508] Host "[IP] 100.125.134.51 [Port] 0 [Flags] 2 [Guid] 1806174626 [EditorId] 1806174626 [Version] 1048832 [Id] WindowsEditor(7,DESKTOP-TCUQJSQ) [Debug] 1 [PackageName] WindowsEditor [ProjectName] Editor" joined alternative multi-casting on [225.0.0.222:34997]...
JobSystem: Creating JobQueue using job-worker-count value 1
[Physics::Module] Initialized MultithreadedJobDispatcher with 1 workers.
Library Redirect Path: Library/
Refreshing native plugins compatible for Editor in 4.01 ms, found 3 plugins.
Preloading 0 native plugins for Editor in 0.00 ms.
Initialize engine version: 2023.2.7f1 (0a9195b3d453)
[Subsystems] Discovering subsystems at path D:/Suli/Unity/Unity 2023.2.7f1/Editor/Data/Resources/UnitySubsystems
[Subsystems] Discovering subsystems at path D:/Suli/GitHub/SchoolTD/SchoolTD_3.2.7f1/Assets
GfxDevice: creating device client; kGfxThreadingModeNonThreaded
Direct3D:
    Version:  Direct3D 11.0 [level 11.0]
    Renderer: AMD Mobility Radeon HD 5000 Series (ID=0x68e0)
    Vendor:   ATI
    VRAM:     498 MB
    Driver:   15.201.2401.0
Initialize mono
Mono path[0] = 'D:/Suli/Unity/Unity 2023.2.7f1/Editor/Data/Managed'
Mono path[1] = 'D:/Suli/Unity/Unity 2023.2.7f1/Editor/Data/MonoBleedingEdge/lib/mono/unityjit-win32'
Mono config path = 'D:/Suli/Unity/Unity 2023.2.7f1/Editor/Data/MonoBleedingEdge/etc'
Using monoOptions --debugger-agent=transport=dt_socket,embedding=1,server=y,suspend=n,address=127.0.0.1:56144
Begin MonoManager ReloadAssembly
C:\build\output\Unity-Technologies\mono\mono\metadata\icall.c:1842:
C:\build\output\Unity-Technologies\mono\mono\metadata\icall.c:1842:
C:\build\output\Unity-Technologies\mono\mono\metadata\icall.c:1842:
C:\build\output\Unity-Technologies\mono\mono\metadata\icall.c:1842:
C:\build\output\Unity-Technologies\mono\mono\metadata\icall.c:1842:
C:\build\output\Unity-Technologies\mono\mono\metadata\icall.c:1842:
C:\build\output\Unity-Technologies\mono\mono\metadata\icall.c:1842:
C:\build\output\Unity-Technologies\mono\mono\metadata\icall.c:1842:
C:\build\output\Unity-Technologies\mono\mono\metadata\icall.c:1842:
C:\build\output\Unity-Technologies\mono\mono\metadata\icall.c:1842:
Registering precompiled unity dll's ...
Register platform support module: D:/Suli/Unity/Unity 2023.2.7f1/Editor/Data/PlaybackEngines/WindowsStandaloneSupport/UnityEditor.WindowsStandalone.Extensions.dll
Registered in 0.014750 seconds.
- Loaded All Assemblies, in  2.196 seconds
Native extension for WindowsStandalone target not found
Mono: successfully reloaded assembly
C:\build\output\Unity-Technologies\mono\mono\metadata\icall.c:1842:
C:\build\output\Unity-Technologies\mono\mono\metadata\icall.c:1842:
- Finished resetting the current domain, in  2.385 seconds
Domain Reload Profiling: 4578ms
	BeginReloadAssembly (794ms)
		ExecutionOrderSort (0ms)
		DisableScriptedObjects (0ms)
		BackupInstance (0ms)
		ReleaseScriptingObjects (0ms)
		CreateAndSetChildDomain (4ms)
	RebuildCommonClasses (188ms)
	RebuildNativeTypeToScriptingClass (73ms)
	initialDomainReloadingComplete (258ms)
	LoadAllAssembliesAndSetupDomain (879ms)
		LoadAssemblies (788ms)
		RebuildTransferFunctionScriptingTraits (0ms)
		AnalyzeDomain (868ms)
			TypeCache.Refresh (862ms)
				TypeCache.ScanAssembly (801ms)
			BuildScriptInfoCaches (1ms)
			ResolveRequiredComponents (2ms)
	FinalizeReload (2386ms)
		ReleaseScriptCaches (0ms)
		RebuildScriptCaches (0ms)
		SetupLoadedEditorAssemblies (2127ms)
			LogAssemblyErrors (0ms)
			InitializePlatformSupportModulesInManaged (40ms)
			SetLoadedEditorAssemblies (22ms)
			BeforeProcessingInitializeOnLoad (51ms)
			ProcessInitializeOnLoadAttributes (1779ms)
			ProcessInitializeOnLoadMethodAttributes (234ms)
			AfterProcessingInitializeOnLoad (0ms)
			EditorAssembliesLoaded (0ms)
		ExecutionOrderSort2 (0ms)
		AwakeInstancesAfterBackupRestoration (0ms)
========================================================================
Worker process is ready to serve import requests
Import Worker Mode flag is 0x00
Begin MonoManager ReloadAssembly
C:\build\output\Unity-Technologies\mono\mono\metadata\icall.c:1842:
C:\build\output\Unity-Technologies\mono\mono\metadata\icall.c:1842:
C:\build\output\Unity-Technologies\mono\mono\metadata\icall.c:1842:
C:\build\output\Unity-Technologies\mono\mono\metadata\icall.c:1842:
C:\build\output\Unity-Technologies\mono\mono\metadata\icall.c:1842:
C:\build\output\Unity-Technologies\mono\mono\metadata\icall.c:1842:
C:\build\output\Unity-Technologies\mono\mono\metadata\icall.c:1842:
C:\build\output\Unity-Technologies\mono\mono\metadata\icall.c:1842:
C:\build\output\Unity-Technologies\mono\mono\metadata\icall.c:1842:
C:\build\output\Unity-Technologies\mono\mono\metadata\icall.c:1842:
C:\build\output\Unity-Technologies\mono\mono\metadata\icall.c:1842:
C:\build\output\Unity-Technologies\mono\mono\metadata\icall.c:1842:
Symbol file LoadedFromMemory doesn't match image D:\Suli\GitHub\SchoolTD\SchoolTD_3.2.7f1\Library\PackageCache\com.unity.visualscripting@1.8.0\Editor\VisualScripting.Core\Dependencies\YamlDotNet\Unity.VisualScripting.YamlDotNet.dll
Symbol file LoadedFromMemory doesn't match image D:\Suli\GitHub\SchoolTD\SchoolTD_3.2.7f1\Library\PackageCache\com.unity.visualscripting@1.8.0\Editor\VisualScripting.Core\Dependencies\DotNetZip\Unity.VisualScripting.IonicZip.dll
- Loaded All Assemblies, in  4.170 seconds
Refreshing native plugins compatible for Editor in 4.13 ms, found 3 plugins.
Native extension for WindowsStandalone target not found
Mono: successfully reloaded assembly
- Finished resetting the current domain, in  3.284 seconds
Domain Reload Profiling: 7451ms
	BeginReloadAssembly (1672ms)
		ExecutionOrderSort (0ms)
		DisableScriptedObjects (25ms)
		BackupInstance (0ms)
		ReleaseScriptingObjects (0ms)
		CreateAndSetChildDomain (139ms)
	RebuildCommonClasses (182ms)
	RebuildNativeTypeToScriptingClass (50ms)
	initialDomainReloadingComplete (175ms)
	LoadAllAssembliesAndSetupDomain (2087ms)
		LoadAssemblies (1828ms)
		RebuildTransferFunctionScriptingTraits (0ms)
		AnalyzeDomain (844ms)
			TypeCache.Refresh (729ms)
				TypeCache.ScanAssembly (669ms)
			BuildScriptInfoCaches (86ms)
			ResolveRequiredComponents (15ms)
	FinalizeReload (3286ms)
		ReleaseScriptCaches (0ms)
		RebuildScriptCaches (0ms)
		SetupLoadedEditorAssemblies (2422ms)
			LogAssemblyErrors (0ms)
			InitializePlatformSupportModulesInManaged (11ms)
			SetLoadedEditorAssemblies (17ms)
			BeforeProcessingInitializeOnLoad (253ms)
			ProcessInitializeOnLoadAttributes (1852ms)
			ProcessInitializeOnLoadMethodAttributes (276ms)
			AfterProcessingInitializeOnLoad (12ms)
			EditorAssembliesLoaded (0ms)
		ExecutionOrderSort2 (0ms)
		AwakeInstancesAfterBackupRestoration (24ms)
Launched and connected shader compiler UnityShaderCompiler.exe after 0.06 seconds
Refreshing native plugins compatible for Editor in 2.35 ms, found 3 plugins.
Preloading 0 native plugins for Editor in 0.00 ms.
Unloading 27 Unused Serialized files (Serialized files now loaded: 0)
Unloading 3171 unused Assets / (1.1 MB). Loaded Objects now: 3743.
Memory consumption went from 118.0 MB to 116.9 MB.
Total: 18.323800 ms (FindLiveObjects: 1.453400 ms CreateObjectMapping: 1.199200 ms MarkObjects: 12.638900 ms  DeleteObjects: 3.028500 ms)

========================================================================
Received Import Request.
  Time since last request: 444413.535781 seconds.
  path: Assets/UI_Material.mat
  artifactKey: Guid(04786fbc36433ff40a06f741b30b9431) Importer(815301076,1909f56bfc062723c751e8b465ee728b)
Start importing Assets/UI_Material.mat using Guid(04786fbc36433ff40a06f741b30b9431) Importer(815301076,1909f56bfc062723c751e8b465ee728b) (PreviewImporter)
=================================================================
	Native Crash Reporting
=================================================================
Got a UNKNOWN while executing native code. This usually indicates
a fatal error in the mono runtime or one of the native libraries 
used by your application.
=================================================================

=================================================================
	Managed Stacktrace:
=================================================================
	  at <unknown> <0xffffffff>
	  at UnityEditor.Experimental.EditorResources:Load_Injected <0x0006c>
	  at UnityEditor.Experimental.EditorResources:Load <0x0024a>
	  at UnityEditor.EditorGUIUtility:Load <0x0002a>
	  at UnityEditor.EditorGUIUtility:LoadRequired <0x0002a>
	  at UnityEditor.MaterialEditor:Init <0x0008a>
	  at UnityEditor.MaterialEditor:RenderStaticPreview <0x000b2>
	  at UnityEditor.AssetPreviewUpdater:CreatePreview <0x00188>
	  at UnityEditor.AssetPreviewUpdater:CreatePreviewForAsset <0x00042>
	  at <Module>:runtime_invoke_object_object_object_object <0x0008f>
=================================================================
Crash!!!
SymInit: Symbol-SearchPath: 'D:/Suli/Unity/Unity 2023.2.7f1/Editor/Data/Mono;.;D:\Suli\GitHub\SchoolTD\SchoolTD_3.2.7f1;D:\Suli\GitHub\SchoolTD\SchoolTD_3.2.7f1\Library\BurstCache\JIT;D:\Suli\Unity\Unity 2023.2.7f1\Editor;C:\WINDOWS;C:\WINDOWS\system32;', symOptions: 534, UserName: 'Ghost3169'
OS-Version: 10.0.0
D:\Suli\Unity\Unity 2023.2.7f1\Editor\Unity.exe:Unity.exe (00007FF7CC410000), size: 184320 (result: 0), SymType: '-deferred-', PDB: '', fileVersion: 2023.2.7.37269
C:\WINDOWS\SYSTEM32\ntdll.dll:ntdll.dll (00007FFC0FED0000), size: 2064384 (result: 0), SymType: '-deferred-', PDB: '', fileVersion: 10.0.19041.3324
C:\Program Files\Avast Software\Avast\aswhook.dll:aswhook.dll (00007FFC08560000), size: 102400 (result: 0), SymType: '-deferred-', PDB: '', fileVersion: 23.12.8700.0
C:\WINDOWS\System32\KERNEL32.DLL:KERNEL32.DLL (00007FFC0FD70000), size: 782336 (result: 0), SymType: '-deferred-', PDB: '', fileVersion: 10.0.19041.3155
C:\WINDOWS\System32\KERNELBASE.dll:KERNELBASE.dll (00007FFC0D700000), size: 3104768 (result: 0), SymType: '-deferred-', PDB: '', fileVersion: 10.0.19041.3324
C:\WINDOWS\SYSTEM32\apphelp.dll:apphelp.dll (00007FFC0ADD0000), size: 593920 (result: 0), SymType: '-deferred-', PDB: '', fileVersion: 10.0.19041.2913
C:\WINDOWS\System32\USER32.dll:USER32.dll (00007FFC0F380000), size: 1691648 (result: 0), SymType: '-deferred-', PDB: '', fileVersion: 10.0.19041.2788
C:\WINDOWS\System32\win32u.dll:win32u.dll (00007FFC0DBF0000), size: 139264 (result: 0), SymType: '-deferred-', PDB: '', fileVersion: 10.0.19041.3271
C:\WINDOWS\System32\GDI32.dll:GDI32.dll (00007FFC0FD40000), size: 180224 (result: 0), SymType: '-deferred-', PDB: '', fileVersion: 10.0.19041.2913
C:\WINDOWS\System32\gdi32full.dll:gdi32full.dll (00007FFC0DDC0000), size: 1134592 (result: 0), SymType: '-deferred-', PDB: '', fileVersion: 10.0.19041.3271
C:\WINDOWS\System32\msvcp_win.dll:msvcp_win.dll (00007FFC0D660000), size: 643072 (result: 0), SymType: '-deferred-', PDB: '', fileVersion: 10.0.19041.789
C:\WINDOWS\System32\ucrtbase.dll:ucrtbase.dll (00007FFC0DC50000), size: 1048576 (result: 0), SymType: '-deferred-', PDB: '', fileVersion: 10.0.19041.789
C:\WINDOWS\System32\IMM32.DLL:IMM32.DLL (00007FFC0F5F0000), size: 196608 (result: 0), SymType: '-deferred-', PDB: '', fileVersion: 10.0.19041.2673
D:\Suli\Unity\Unity 2023.2.7f1\Editor\Unity.dll:Unity.dll (00007FFB59810000), size: 80183296 (result: 0), SymType: '-deferred-', PDB: '', fileVersion: 2023.2.7.37269
C:\WINDOWS\System32\CRYPT32.dll:CRYPT32.dll (00007FFC0DA00000), size: 1433600 (result: 0), SymType: '-deferred-', PDB: '', fileVersion: 10.0.19041.3271
C:\WINDOWS\System32\ADVAPI32.dll:ADVAPI32.dll (00007FFC0E7D0000), size: 716800 (result: 0), SymType: '-deferred-', PDB: '', fileVersion: 10.0.19041.2913
C:\WINDOWS\System32\msvcrt.dll:msvcrt.dll (00007FFC0F030000), size: 647168 (result: 0), SymType: '-deferred-', PDB: '', fileVersion: 7.0.19041.546
D:\Suli\Unity\Unity 2023.2.7f1\Editor\libfbxsdk.dll:libfbxsdk.dll (00007FFBD8060000), size: 10067968 (result: 0), SymType: '-deferred-', PDB: '', fileVersion: 2020.3.3.0
D:\Suli\Unity\Unity 2023.2.7f1\Editor\s3tcompress.dll:s3tcompress.dll (00007FFC06DD0000), size: 180224 (result: 0), SymType: '-deferred-', PDB: ''
D:\Suli\Unity\Unity 2023.2.7f1\Editor\etccompress.dll:etccompress.dll (00007FFBDDC80000), size: 5070848 (result: 0), SymType: '-deferred-', PDB: ''
D:\Suli\Unity\Unity 2023.2.7f1\Editor\ispc_texcomp.dll:ispc_texcomp.dll (00007FFBDCFF0000), size: 1826816 (result: 0), SymType: '-deferred-', PDB: ''
D:\Suli\Unity\Unity 2023.2.7f1\Editor\FreeImage.dll:FreeImage.dll (0000000180000000), size: 5783552 (result: 0), SymType: '-deferred-', PDB: '', fileVersion: 3.18.0.0
C:\WINDOWS\System32\WS2_32.dll:WS2_32.dll (00007FFC0F580000), size: 438272 (result: 0), SymType: '-deferred-', PDB: '', fileVersion: 10.0.19041.546
C:\WINDOWS\System32\sechost.dll:sechost.dll (00007FFC0E460000), size: 638976 (result: 0), SymType: '-deferred-', PDB: '', fileVersion: 10.0.19041.2913
D:\Suli\Unity\Unity 2023.2.7f1\Editor\WinPixEventRuntime.dll:WinPixEventRuntime.dll (00007FFC07F60000), size: 53248 (result: 0), SymType: '-deferred-', PDB: '', fileVersion: 1.0.2201.24001
C:\WINDOWS\System32\RPCRT4.dll:RPCRT4.dll (00007FFC0FC10000), size: 1204224 (result: 0), SymType: '-deferred-', PDB: '', fileVersion: 10.0.19041.3208
D:\Suli\Unity\Unity 2023.2.7f1\Editor\umbraoptimizer64.dll:umbraoptimizer64.dll (00007FFBDCEC0000), size: 1187840 (result: 0), SymType: '-deferred-', PDB: ''
C:\WINDOWS\System32\bcrypt.dll:bcrypt.dll (00007FFC0DC20000), size: 159744 (result: 0), SymType: '-deferred-', PDB: '', fileVersion: 10.0.19041.3208
C:\WINDOWS\System32\ole32.dll:ole32.dll (00007FFC0F780000), size: 1220608 (result: 0), SymType: '-deferred-', PDB: '', fileVersion: 10.0.19041.2965
C:\WINDOWS\SYSTEM32\MSVCP140.dll:MSVCP140.dll (00007FFBF5770000), size: 577536 (result: 0), SymType: '-deferred-', PDB: '', fileVersion: 14.38.33130.0
C:\WINDOWS\SYSTEM32\VCRUNTIME140_1.dll:VCRUNTIME140_1.dll (00007FFBF5740000), size: 49152 (result: 0), SymType: '-deferred-', PDB: '', fileVersion: 14.38.33130.0
C:\WINDOWS\System32\combase.dll:combase.dll (00007FFC0F8B0000), size: 3489792 (result: 0), SymType: '-deferred-', PDB: '', fileVersion: 10.0.19041.2788
C:\WINDOWS\SYSTEM32\VCRUNTIME140.dll:VCRUNTIME140.dll (00007FFBF5750000), size: 118784 (result: 0), SymType: '-deferred-', PDB: '', fileVersion: 14.38.33130.0
C:\WINDOWS\SYSTEM32\d3d11.dll:d3d11.dll (00007FFC09260000), size: 2502656 (result: 0), SymType: '-deferred-', PDB: '', fileVersion: 10.0.19041.2913
C:\WINDOWS\System32\SETUPAPI.dll:SETUPAPI.dll (00007FFC0DF40000), size: 4644864 (result: 0), SymType: '-deferred-', PDB: '', fileVersion: 10.0.19041.3155
C:\WINDOWS\System32\cfgmgr32.dll:cfgmgr32.dll (00007FFC0DEE0000), size: 319488 (result: 0), SymType: '-deferred-', PDB: '', fileVersion: 10.0.19041.3155
C:\WINDOWS\SYSTEM32\dwmapi.dll:dwmapi.dll (00007FFC0B160000), size: 192512 (result: 0), SymType: '-deferred-', PDB: '', fileVersion: 10.0.19041.746
C:\WINDOWS\System32\SHELL32.dll:SHELL32.dll (00007FFC0E880000), size: 7618560 (result: 0), SymType: '-deferred-', PDB: '', fileVersion: 10.0.19041.3271
D:\Suli\Unity\Unity 2023.2.7f1\Editor\compress_bc7e.dll:compress_bc7e.dll (00007FFBDD990000), size: 1433600 (result: 0), SymType: '-deferred-', PDB: ''
C:\WINDOWS\SYSTEM32\dxgi.dll:dxgi.dll (00007FFC0BE50000), size: 995328 (result: 0), SymType: '-deferred-', PDB: '', fileVersion: 10.0.19041.2311
C:\WINDOWS\SYSTEM32\IPHLPAPI.DLL:IPHLPAPI.DLL (00007FFC0C970000), size: 241664 (result: 0), SymType: '-deferred-', PDB: '', fileVersion: 10.0.19041.3271
C:\WINDOWS\SYSTEM32\HID.DLL:HID.DLL (00007FFC0BDF0000), size: 53248 (result: 0), SymType: '-deferred-', PDB: '', fileVersion: 10.0.19041.546
C:\WINDOWS\System32\SHLWAPI.dll:SHLWAPI.dll (00007FFC0F520000), size: 348160 (result: 0), SymType: '-deferred-', PDB: '', fileVersion: 10.0.19041.2075
C:\WINDOWS\System32\OLEAUT32.dll:OLEAUT32.dll (00007FFC0E500000), size: 839680 (result: 0), SymType: '-deferred-', PDB: '', fileVersion: 10.0.19041.3208
C:\WINDOWS\SYSTEM32\OPENGL32.dll:OPENGL32.dll (00007FFBDE610000), size: 1200128 (result: 0), SymType: '-deferred-', PDB: '', fileVersion: 10.0.19041.2193
C:\WINDOWS\System32\WINTRUST.dll:WINTRUST.dll (00007FFC0DD50000), size: 421888 (result: 0), SymType: '-deferred-', PDB: '', fileVersion: 10.0.19041.3271
C:\WINDOWS\SYSTEM32\WINMM.dll:WINMM.dll (00007FFC049F0000), size: 159744 (result: 0), SymType: '-deferred-', PDB: '', fileVersion: 10.0.19041.546
C:\WINDOWS\SYSTEM32\WINHTTP.dll:WINHTTP.dll (00007FFC027E0000), size: 1089536 (result: 0), SymType: '-deferred-', PDB: '', fileVersion: 10.0.19041.3031
C:\WINDOWS\SYSTEM32\GLU32.dll:GLU32.dll (00007FFBDF010000), size: 180224 (result: 0), SymType: '-deferred-', PDB: '', fileVersion: 10.0.19041.2193
D:\Suli\Unity\Unity 2023.2.7f1\Editor\NativeProxyHelper.dll:NativeProxyHelper.dll (00007FFBDCD00000), size: 1789952 (result: 0), SymType: '-deferred-', PDB: ''
D:\Suli\Unity\Unity 2023.2.7f1\Editor\SketchUpAPI.dll:SketchUpAPI.dll (00007FFBD77C0000), size: 8990720 (result: 0), SymType: '-deferred-', PDB: '', fileVersion: 23.0.0.0
C:\WINDOWS\SYSTEM32\VERSION.dll:VERSION.dll (00007FFC04A20000), size: 40960 (result: 0), SymType: '-deferred-', PDB: '', fileVersion: 10.0.19041.546
C:\WINDOWS\SYSTEM32\WSOCK32.dll:WSOCK32.dll (00007FFBFE250000), size: 36864 (result: 0), SymType: '-deferred-', PDB: '', fileVersion: 10.0.19041.1
C:\WINDOWS\SYSTEM32\Secur32.dll:Secur32.dll (00007FFBFAC00000), size: 49152 (result: 0), SymType: '-deferred-', PDB: '', fileVersion: 10.0.19041.546
D:\Suli\Unity\Unity 2023.2.7f1\Editor\SketchUpCommonPreferences.dll:SketchUpCommonPreferences.dll (00007FFC016F0000), size: 499712 (result: 0), SymType: '-deferred-', PDB: '', fileVersion: 23.0.0.0
C:\WINDOWS\SYSTEM32\d3d12.dll:d3d12.dll (00007FFBEF940000), size: 131072 (result: 0), SymType: '-deferred-', PDB: '', fileVersion: 10.0.19041.1266
C:\WINDOWS\SYSTEM32\SSPICLI.DLL:SSPICLI.DLL (00007FFC0D490000), size: 204800 (result: 0), SymType: '-deferred-', PDB: '', fileVersion: 10.0.19041.2130
C:\WINDOWS\SYSTEM32\kernel.appcore.dll:kernel.appcore.dll (00007FFC0B450000), size: 73728 (result: 0), SymType: '-deferred-', PDB: '', fileVersion: 10.0.19041.546
D:\Suli\Unity\Unity 2023.2.7f1\Editor\OpenRL.dll:OpenRL.dll (00000280B8B00000), size: 12779520 (result: 0), SymType: '-deferred-', PDB: '', fileVersion: 1.5.0.2907
C:\WINDOWS\SYSTEM32\MSVCP100.dll:MSVCP100.dll (0000000065410000), size: 622592 (result: 0), SymType: '-deferred-', PDB: '', fileVersion: 10.0.40219.473
C:\WINDOWS\SYSTEM32\MSVCR100.dll:MSVCR100.dll (0000000065330000), size: 860160 (result: 0), SymType: '-deferred-', PDB: '', fileVersion: 10.0.40219.473
D:\Suli\Unity\Unity 2023.2.7f1\Editor\embree.dll:embree.dll (00007FFBD67D0000), size: 16711680 (result: 0), SymType: '-deferred-', PDB: '', fileVersion: 2.14.0.0
D:\Suli\Unity\Unity 2023.2.7f1\Editor\tbb.dll:tbb.dll (00007FFC018D0000), size: 303104 (result: 0), SymType: '-deferred-', PDB: '', fileVersion: 2020.3.2022.1111
C:\WINDOWS\SYSTEM32\MSWSOCK.DLL:MSWSOCK.DLL (00007FFC0CC80000), size: 434176 (result: 0), SymType: '-deferred-', PDB: '', fileVersion: 10.0.19041.546
D:\Suli\Unity\Unity 2023.2.7f1\Editor\OpenRL_pthread.dll:OpenRL_pthread.dll (00000280B9750000), size: 61440 (result: 0), SymType: '-deferred-', PDB: '', fileVersion: 2.9.0.0
C:\WINDOWS\SYSTEM32\MSASN1.dll:MSASN1.dll (00007FFC0D110000), size: 73728 (result: 0), SymType: '-deferred-', PDB: '', fileVersion: 10.0.19041.2251
C:\WINDOWS\System32\bcryptprimitives.dll:bcryptprimitives.dll (00007FFC0DB60000), size: 532480 (result: 0), SymType: '-deferred-', PDB: '', fileVersion: 10.0.19041.2486
C:\WINDOWS\system32\uxtheme.dll:uxtheme.dll (00007FFC0AF80000), size: 647168 (result: 0), SymType: '-deferred-', PDB: '', fileVersion: 10.0.19041.2193
C:\WINDOWS\SYSTEM32\windows.storage.dll:windows.storage.dll (00007FFC0B650000), size: 7942144 (result: 0), SymType: '-deferred-', PDB: '', fileVersion: 10.0.19041.3271
C:\WINDOWS\SYSTEM32\Wldp.dll:Wldp.dll (00007FFC0CF80000), size: 188416 (result: 0), SymType: '-deferred-', PDB: '', fileVersion: 10.0.19041.2788
C:\WINDOWS\System32\SHCORE.dll:SHCORE.dll (00007FFC0E3B0000), size: 708608 (result: 0), SymType: '-deferred-', PDB: '', fileVersion: 10.0.19041.1865
C:\WINDOWS\SYSTEM32\profapi.dll:profapi.dll (00007FFC0D4E0000), size: 151552 (result: 0), SymType: '-deferred-', PDB: '', fileVersion: 10.0.19041.3155
C:\WINDOWS\system32\IconCodecService.dll:IconCodecService.dll (00007FFC0AD40000), size: 36864 (result: 0), SymType: '-deferred-', PDB: '', fileVersion: 10.0.19041.1
C:\WINDOWS\SYSTEM32\WindowsCodecs.dll:WindowsCodecs.dll (00007FFC079D0000), size: 1785856 (result: 0), SymType: '-deferred-', PDB: '', fileVersion: 10.0.19041.1706
C:\WINDOWS\System32\clbcatq.dll:clbcatq.dll (00007FFC0E5D0000), size: 692224 (result: 0), SymType: '-deferred-', PDB: '', fileVersion: 2001.12.10941.16384
C:\WINDOWS\System32\netprofm.dll:netprofm.dll (00007FFC08D20000), size: 258048 (result: 0), SymType: '-deferred-', PDB: '', fileVersion: 10.0.19041.3031
C:\WINDOWS\System32\NSI.dll:NSI.dll (00007FFC0E680000), size: 32768 (result: 0), SymType: '-deferred-', PDB: '', fileVersion: 10.0.19041.610
C:\WINDOWS\System32\npmproxy.dll:npmproxy.dll (00007FFC00220000), size: 65536 (result: 0), SymType: '-deferred-', PDB: '', fileVersion: 10.0.19041.3031
C:\WINDOWS\SYSTEM32\dhcpcsvc6.DLL:dhcpcsvc6.DLL (00007FFC02A70000), size: 94208 (result: 0), SymType: '-deferred-', PDB: '', fileVersion: 10.0.19041.2673
C:\WINDOWS\SYSTEM32\dhcpcsvc.DLL:dhcpcsvc.DLL (00007FFC02B70000), size: 118784 (result: 0), SymType: '-deferred-', PDB: '', fileVersion: 10.0.19041.2673
C:\WINDOWS\SYSTEM32\DNSAPI.dll:DNSAPI.dll (00007FFC0C9B0000), size: 827392 (result: 0), SymType: '-deferred-', PDB: '', fileVersion: 10.0.19041.3031
C:\WINDOWS\system32\napinsp.dll:napinsp.dll (00007FFBF5970000), size: 94208 (result: 0), SymType: '-deferred-', PDB: '', fileVersion: 10.0.19041.546
C:\WINDOWS\system32\pnrpnsp.dll:pnrpnsp.dll (00007FFBF5840000), size: 110592 (result: 0), SymType: '-deferred-', PDB: '', fileVersion: 10.0.19041.546
C:\WINDOWS\system32\wshbth.dll:wshbth.dll (00007FFBF5820000), size: 86016 (result: 0), SymType: '-deferred-', PDB: '', fileVersion: 10.0.19041.546
C:\WINDOWS\system32\NLAapi.dll:NLAapi.dll (00007FFC08F30000), size: 118784 (result: 0), SymType: '-deferred-', PDB: '', fileVersion: 10.0.19041.3031
C:\WINDOWS\System32\winrnr.dll:winrnr.dll (00007FFBF5800000), size: 73728 (result: 0), SymType: '-deferred-', PDB: '', fileVersion: 10.0.19041.546
C:\WINDOWS\System32\fwpuclnt.dll:fwpuclnt.dll (00007FFBFF5E0000), size: 532480 (result: 0), SymType: '-deferred-', PDB: '', fileVersion: 10.0.19041.3271
C:\Windows\System32\rasadhlp.dll:rasadhlp.dll (00007FFBFEF20000), size: 40960 (result: 0), SymType: '-deferred-', PDB: '', fileVersion: 10.0.19041.546
D:\Suli\Unity\Unity 2023.2.7f1\Editor\NVUnityPlugin.DLL:NVUnityPlugin.DLL (00007FFBDC570000), size: 1519616 (result: 0), SymType: '-deferred-', PDB: ''
D:\Suli\Unity\Unity 2023.2.7f1\Editor\Data\Tools\astcenc-sse42.dll:astcenc-sse42.dll (00007FFC01690000), size: 368640 (result: 0), SymType: '-deferred-', PDB: ''
C:\WINDOWS\System32\MMDevApi.dll:MMDevApi.dll (00007FFC02F80000), size: 544768 (result: 0), SymType: '-deferred-', PDB: '', fileVersion: 10.0.19041.1503
C:\WINDOWS\System32\DEVOBJ.dll:DEVOBJ.dll (00007FFC0D130000), size: 208896 (result: 0), SymType: '-deferred-', PDB: '', fileVersion: 10.0.19041.3155
C:\WINDOWS\SYSTEM32\aticfx64.dll:aticfx64.dll (00007FFC04A30000), size: 1454080 (result: 0), SymType: '-deferred-', PDB: '', fileVersion: 8.17.10.1404
C:\WINDOWS\SYSTEM32\atiuxp64.dll:atiuxp64.dll (00007FFC049C0000), size: 180224 (result: 0), SymType: '-deferred-', PDB: '', fileVersion: 8.14.1.6463
C:\WINDOWS\SYSTEM32\atidxx64.dll:atidxx64.dll (00007FFC03F20000), size: 11120640 (result: 0), SymType: '-deferred-', PDB: '', fileVersion: 8.17.10.625
C:\WINDOWS\SYSTEM32\dxcore.dll:dxcore.dll (00007FFC05260000), size: 241664 (result: 0), SymType: '-deferred-', PDB: '', fileVersion: 10.0.19041.546
C:\WINDOWS\system32\wbem\wbemprox.dll:wbemprox.dll (00007FFBFEA50000), size: 69632 (result: 0), SymType: '-deferred-', PDB: '', fileVersion: 10.0.19041.3271
C:\WINDOWS\SYSTEM32\wbemcomn.dll:wbemcomn.dll (00007FFBFE9C0000), size: 589824 (result: 0), SymType: '-deferred-', PDB: '', fileVersion: 10.0.19041.1566
C:\WINDOWS\system32\wbem\wbemsvc.dll:wbemsvc.dll (00007FFBFDA70000), size: 81920 (result: 0), SymType: '-deferred-', PDB: '', fileVersion: 10.0.19041.3271
C:\WINDOWS\system32\wbem\fastprox.dll:fastprox.dll (00007FFBFDB80000), size: 1093632 (result: 0), SymType: '-deferred-', PDB: '', fileVersion: 10.0.19041.546
C:\WINDOWS\SYSTEM32\amsi.dll:amsi.dll (00007FFBF53C0000), size: 126976 (result: 0), SymType: '-deferred-', PDB: '', fileVersion: 10.0.19041.2075
C:\WINDOWS\SYSTEM32\USERENV.dll:USERENV.dll (00007FFC0D460000), size: 188416 (result: 0), SymType: '-deferred-', PDB: '', fileVersion: 10.0.19041.3155
C:\Program Files\Avast Software\Avast\aswAMSI.dll:aswAMSI.dll (00007FFBF4E00000), size: 954368 (result: 0), SymType: '-deferred-', PDB: '', fileVersion: 23.12.8700.0
C:\WINDOWS\SYSTEM32\opencl.dll:opencl.dll (00007FFC06BE0000), size: 90112 (result: 0), SymType: '-deferred-', PDB: '', fileVersion: 2.0.4.0
D:\Suli\Unity\Unity 2023.2.7f1\Editor\radeonrays.dll:radeonrays.dll (00007FFBDE790000), size: 557056 (result: 0), SymType: '-deferred-', PDB: ''
D:\Suli\Unity\Unity 2023.2.7f1\Editor\Data\MonoBleedingEdge\EmbedRuntime\mono-2.0-bdwgc.dll:mono-2.0-bdwgc.dll (00007FFBD4260000), size: 10756096 (result: 0), SymType: '-deferred-', PDB: ''
C:\WINDOWS\SYSTEM32\dbghelp.dll:dbghelp.dll (00007FFC031E0000), size: 1982464 (result: 0), SymType: '-deferred-', PDB: '', fileVersion: 10.0.19041.867

========== OUTPUTTING STACK TRACE ==================

SymInit: Symbol-SearchPath: 'D:/Suli/Unity/Unity 2023.2.7f1/Editor/Data/Mono;.;D:\Suli\GitHub\SchoolTD\SchoolTD_3.2.7f1;D:\Suli\GitHub\SchoolTD\SchoolTD_3.2.7f1\Library\BurstCache\JIT;D:\Suli\Unity\Unity 2023.2.7f1\Editor;C:\WINDOWS;C:\WINDOWS\system32;', symOptions: 534, UserName: 'Ghost3169'
OS-Version: 10.0.0
D:\Suli\Unity\Unity 2023.2.7f1\Editor\Unity.exe:Unity.exe (00007FF7CC410000), size: 184320 (result: 0), SymType: 'PDB', PDB: 'D:\Suli\Unity\Unity 2023.2.7f1\Editor\Unity_exe_x64.pdb', fileVersion: 2023.2.7.37269
C:\WINDOWS\SYSTEM32\ntdll.dll:ntdll.dll (00007FFC0FED0000), size: 2064384 (result: 0), SymType: '-nosymbols-', PDB: 'C:\WINDOWS\SYSTEM32\ntdll.dll', fileVersion: 10.0.19041.3324
C:\Program Files\Avast Software\Avast\aswhook.dll:aswhook.dll (00007FFC08560000), size: 102400 (result: 0), SymType: '-nosymbols-', PDB: 'C:\Program Files\Avast Software\Avast\aswhook.dll', fileVersion: 23.12.8700.0
C:\WINDOWS\System32\KERNEL32.DLL:KERNEL32.DLL (00007FFC0FD70000), size: 782336 (result: 0), SymType: '-nosymbols-', PDB: 'C:\WINDOWS\System32\KERNEL32.DLL', fileVersion: 10.0.19041.3155
C:\WINDOWS\System32\KERNELBASE.dll:KERNELBASE.dll (00007FFC0D700000), size: 3104768 (result: 0), SymType: '-nosymbols-', PDB: 'C:\WINDOWS\System32\KERNELBASE.dll', fileVersion: 10.0.19041.3324
C:\WINDOWS\SYSTEM32\apphelp.dll:apphelp.dll (00007FFC0ADD0000), size: 593920 (result: 0), SymType: '-nosymbols-', PDB: 'C:\WINDOWS\SYSTEM32\apphelp.dll', fileVersion: 10.0.19041.2913
C:\WINDOWS\System32\USER32.dll:USER32.dll (00007FFC0F380000), size: 1691648 (result: 0), SymType: '-nosymbols-', PDB: 'C:\WINDOWS\System32\USER32.dll', fileVersion: 10.0.19041.2788
C:\WINDOWS\System32\win32u.dll:win32u.dll (00007FFC0DBF0000), size: 139264 (result: 0), SymType: '-nosymbols-', PDB: 'C:\WINDOWS\System32\win32u.dll', fileVersion: 10.0.19041.3271
C:\WINDOWS\System32\GDI32.dll:GDI32.dll (00007FFC0FD40000), size: 180224 (result: 0), SymType: '-nosymbols-', PDB: 'C:\WINDOWS\System32\GDI32.dll', fileVersion: 10.0.19041.2913
C:\WINDOWS\System32\gdi32full.dll:gdi32full.dll (00007FFC0DDC0000), size: 1134592 (result: 0), SymType: '-nosymbols-', PDB: 'C:\WINDOWS\System32\gdi32full.dll', fileVersion: 10.0.19041.3271
C:\WINDOWS\System32\msvcp_win.dll:msvcp_win.dll (00007FFC0D660000), size: 643072 (result: 0), SymType: '-nosymbols-', PDB: 'C:\WINDOWS\System32\msvcp_win.dll', fileVersion: 10.0.19041.789
C:\WINDOWS\System32\ucrtbase.dll:ucrtbase.dll (00007FFC0DC50000), size: 1048576 (result: 0), SymType: '-nosymbols-', PDB: 'C:\WINDOWS\System32\ucrtbase.dll', fileVersion: 10.0.19041.789
C:\WINDOWS\System32\IMM32.DLL:IMM32.DLL (00007FFC0F5F0000), size: 196608 (result: 0), SymType: '-nosymbols-', PDB: 'C:\WINDOWS\System32\IMM32.DLL', fileVersion: 10.0.19041.2673
D:\Suli\Unity\Unity 2023.2.7f1\Editor\Unity.dll:Unity.dll (00007FFB59810000), size: 80183296 (result: -529697949), SymType: '-deferred-', PDB: '', fileVersion: 2023.2.7.37269
C:\WINDOWS\System32\CRYPT32.dll:CRYPT32.dll (00007FFC0DA00000), size: 1433600 (result: 0), SymType: '-exported-', PDB: 'C:\WINDOWS\System32\CRYPT32.dll', fileVersion: 10.0.19041.3271
C:\WINDOWS\System32\ADVAPI32.dll:ADVAPI32.dll (00007FFC0E7D0000), size: 716800 (result: 0), SymType: '-exported-', PDB: 'C:\WINDOWS\System32\ADVAPI32.dll', fileVersion: 10.0.19041.2913
C:\WINDOWS\System32\msvcrt.dll:msvcrt.dll (00007FFC0F030000), size: 647168 (result: 0), SymType: '-nosymbols-', PDB: 'C:\WINDOWS\System32\msvcrt.dll', fileVersion: 7.0.19041.546
D:\Suli\Unity\Unity 2023.2.7f1\Editor\libfbxsdk.dll:libfbxsdk.dll (00007FFBD8060000), size: 10067968 (result: 0), SymType: '-nosymbols-', PDB: 'D:\Suli\Unity\Unity 2023.2.7f1\Editor\libfbxsdk.dll', fileVersion: 2020.3.3.0
D:\Suli\Unity\Unity 2023.2.7f1\Editor\s3tcompress.dll:s3tcompress.dll (00007FFC06DD0000), size: 180224 (result: 0), SymType: '-nosymbols-', PDB: 'D:\Suli\Unity\Unity 2023.2.7f1\Editor\s3tcompress.dll'
D:\Suli\Unity\Unity 2023.2.7f1\Editor\etccompress.dll:etccompress.dll (00007FFBDDC80000), size: 5070848 (result: 0), SymType: '-nosymbols-', PDB: 'D:\Suli\Unity\Unity 2023.2.7f1\Editor\etccompress.dll'
D:\Suli\Unity\Unity 2023.2.7f1\Editor\ispc_texcomp.dll:ispc_texcomp.dll (00007FFBDCFF0000), size: 1826816 (result: 0), SymType: '-nosymbols-', PDB: 'D:\Suli\Unity\Unity 2023.2.7f1\Editor\ispc_texcomp.dll'
D:\Suli\Unity\Unity 2023.2.7f1\Editor\FreeImage.dll:FreeImage.dll (0000000180000000), size: 5783552 (result: 0), SymType: '-nosymbols-', PDB: 'D:\Suli\Unity\Unity 2023.2.7f1\Editor\FreeImage.dll', fileVersion: 3.18.0.0
C:\WINDOWS\System32\WS2_32.dll:WS2_32.dll (00007FFC0F580000), size: 438272 (result: 0), SymType: '-nosymbols-', PDB: 'C:\WINDOWS\System32\WS2_32.dll', fileVersion: 10.0.19041.546
C:\WINDOWS\System32\sechost.dll:sechost.dll (00007FFC0E460000), size: 638976 (result: 0), SymType: '-nosymbols-', PDB: 'C:\WINDOWS\System32\sechost.dll', fileVersion: 10.0.19041.2913
D:\Suli\Unity\Unity 2023.2.7f1\Editor\WinPixEventRuntime.dll:WinPixEventRuntime.dll (00007FFC07F60000), size: 53248 (result: 0), SymType: '-exported-', PDB: 'D:\Suli\Unity\Unity 2023.2.7f1\Editor\WinPixEventRuntime.dll', fileVersion: 1.0.2201.24001
C:\WINDOWS\System32\RPCRT4.dll:RPCRT4.dll (00007FFC0FC10000), size: 1204224 (result: 0), SymType: '-nosymbols-', PDB: 'C:\WINDOWS\System32\RPCRT4.dll', fileVersion: 10.0.19041.3208
D:\Suli\Unity\Unity 2023.2.7f1\Editor\umbraoptimizer64.dll:umbraoptimizer64.dll (00007FFBDCEC0000), size: 1187840 (result: 0), SymType: '-nosymbols-', PDB: 'D:\Suli\Unity\Unity 2023.2.7f1\Editor\umbraoptimizer64.dll'
C:\WINDOWS\System32\bcrypt.dll:bcrypt.dll (00007FFC0DC20000), size: 159744 (result: 0), SymType: '-nosymbols-', PDB: 'C:\WINDOWS\System32\bcrypt.dll', fileVersion: 10.0.19041.3208
C:\WINDOWS\System32\ole32.dll:ole32.dll (00007FFC0F780000), size: 1220608 (result: 0), SymType: '-nosymbols-', PDB: 'C:\WINDOWS\System32\ole32.dll', fileVersion: 10.0.19041.2965
C:\WINDOWS\SYSTEM32\MSVCP140.dll:MSVCP140.dll (00007FFBF5770000), size: 577536 (result: 0), SymType: '-nosymbols-', PDB: 'C:\WINDOWS\SYSTEM32\MSVCP140.dll', fileVersion: 14.38.33130.0
C:\WINDOWS\SYSTEM32\VCRUNTIME140_1.dll:VCRUNTIME140_1.dll (00007FFBF5740000), size: 49152 (result: 0), SymType: '-nosymbols-', PDB: 'C:\WINDOWS\SYSTEM32\VCRUNTIME140_1.dll', fileVersion: 14.38.33130.0
C:\WINDOWS\System32\combase.dll:combase.dll (00007FFC0F8B0000), size: 3489792 (result: 0), SymType: '-nosymbols-', PDB: 'C:\WINDOWS\System32\combase.dll', fileVersion: 10.0.19041.2788
C:\WINDOWS\SYSTEM32\VCRUNTIME140.dll:VCRUNTIME140.dll (00007FFBF5750000), size: 118784 (result: 0), SymType: '-nosymbols-', PDB: 'C:\WINDOWS\SYSTEM32\VCRUNTIME140.dll', fileVersion: 14.38.33130.0
C:\WINDOWS\SYSTEM32\d3d11.dll:d3d11.dll (00007FFC09260000), size: 2502656 (result: 0), SymType: '-nosymbols-', PDB: 'C:\WINDOWS\SYSTEM32\d3d11.dll', fileVersion: 10.0.19041.2913
C:\WINDOWS\System32\SETUPAPI.dll:SETUPAPI.dll (00007FFC0DF40000), size: 4644864 (result: 0), SymType: '-nosymbols-', PDB: 'C:\WINDOWS\System32\SETUPAPI.dll', fileVersion: 10.0.19041.3155
C:\WINDOWS\System32\cfgmgr32.dll:cfgmgr32.dll (00007FFC0DEE0000), size: 319488 (result: 0), SymType: '-nosymbols-', PDB: 'C:\WINDOWS\System32\cfgmgr32.dll', fileVersion: 10.0.19041.3155
C:\WINDOWS\SYSTEM32\dwmapi.dll:dwmapi.dll (00007FFC0B160000), size: 192512 (result: 0), SymType: '-nosymbols-', PDB: 'C:\WINDOWS\SYSTEM32\dwmapi.dll', fileVersion: 10.0.19041.746
C:\WINDOWS\System32\SHELL32.dll:SHELL32.dll (00007FFC0E880000), size: 7618560 (result: 0), SymType: '-nosymbols-', PDB: 'C:\WINDOWS\System32\SHELL32.dll', fileVersion: 10.0.19041.3271
D:\Suli\Unity\Unity 2023.2.7f1\Editor\compress_bc7e.dll:compress_bc7e.dll (00007FFBDD990000), size: 1433600 (result: 0), SymType: '-nosymbols-', PDB: 'D:\Suli\Unity\Unity 2023.2.7f1\Editor\compress_bc7e.dll'
C:\WINDOWS\SYSTEM32\dxgi.dll:dxgi.dll (00007FFC0BE50000), size: 995328 (result: 0), SymType: '-nosymbols-', PDB: 'C:\WINDOWS\SYSTEM32\dxgi.dll', fileVersion: 10.0.19041.2311
C:\WINDOWS\SYSTEM32\IPHLPAPI.DLL:IPHLPAPI.DLL (00007FFC0C970000), size: 241664 (result: 0), SymType: '-nosymbols-', PDB: 'C:\WINDOWS\SYSTEM32\IPHLPAPI.DLL', fileVersion: 10.0.19041.3271
C:\WINDOWS\SYSTEM32\HID.DLL:HID.DLL (00007FFC0BDF0000), size: 53248 (result: 0), SymType: '-nosymbols-', PDB: 'C:\WINDOWS\SYSTEM32\HID.DLL', fileVersion: 10.0.19041.546
C:\WINDOWS\System32\SHLWAPI.dll:SHLWAPI.dll (00007FFC0F520000), size: 348160 (result: 0), SymType: '-nosymbols-', PDB: 'C:\WINDOWS\System32\SHLWAPI.dll', fileVersion: 10.0.19041.2075
C:\WINDOWS\System32\OLEAUT32.dll:OLEAUT32.dll (00007FFC0E500000), size: 839680 (result: 0), SymType: '-nosymbols-', PDB: 'C:\WINDOWS\System32\OLEAUT32.dll', fileVersion: 10.0.19041.3208
C:\WINDOWS\SYSTEM32\OPENGL32.dll:OPENGL32.dll (00007FFBDE610000), size: 1200128 (result: 0), SymType: '-exported-', PDB: 'C:\WINDOWS\SYSTEM32\OPENGL32.dll', fileVersion: 10.0.19041.2193
C:\WINDOWS\System32\WINTRUST.dll:WINTRUST.dll (00007FFC0DD50000), size: 421888 (result: 0), SymType: '-nosymbols-', PDB: 'C:\WINDOWS\System32\WINTRUST.dll', fileVersion: 10.0.19041.3271
C:\WINDOWS\SYSTEM32\WINMM.dll:WINMM.dll (00007FFC049F0000), size: 159744 (result: 0), SymType: '-exported-', PDB: 'C:\WINDOWS\SYSTEM32\WINMM.dll', fileVersion: 10.0.19041.546
C:\WINDOWS\SYSTEM32\WINHTTP.dll:WINHTTP.dll (00007FFC027E0000), size: 1089536 (result: 0), SymType: '-exported-', PDB: 'C:\WINDOWS\SYSTEM32\WINHTTP.dll', fileVersion: 10.0.19041.3031
C:\WINDOWS\SYSTEM32\GLU32.dll:GLU32.dll (00007FFBDF010000), size: 180224 (result: 0), SymType: '-nosymbols-', PDB: 'C:\WINDOWS\SYSTEM32\GLU32.dll', fileVersion: 10.0.19041.2193
D:\Suli\Unity\Unity 2023.2.7f1\Editor\NativeProxyHelper.dll:NativeProxyHelper.dll (00007FFBDCD00000), size: 1789952 (result: 0), SymType: '-nosymbols-', PDB: 'D:\Suli\Unity\Unity 2023.2.7f1\Editor\NativeProxyHelper.dll'
D:\Suli\Unity\Unity 2023.2.7f1\Editor\SketchUpAPI.dll:SketchUpAPI.dll (00007FFBD77C0000), size: 8990720 (result: 0), SymType: '-nosymbols-', PDB: 'D:\Suli\Unity\Unity 2023.2.7f1\Editor\SketchUpAPI.dll', fileVersion: 23.0.0.0
C:\WINDOWS\SYSTEM32\VERSION.dll:VERSION.dll (00007FFC04A20000), size: 40960 (result: 0), SymType: '-exported-', PDB: 'C:\WINDOWS\SYSTEM32\VERSION.dll', fileVersion: 10.0.19041.546
C:\WINDOWS\SYSTEM32\WSOCK32.dll:WSOCK32.dll (00007FFBFE250000), size: 36864 (result: 0), SymType: '-exported-', PDB: 'C:\WINDOWS\SYSTEM32\WSOCK32.dll', fileVersion: 10.0.19041.1
C:\WINDOWS\SYSTEM32\Secur32.dll:Secur32.dll (00007FFBFAC00000), size: 49152 (result: 0), SymType: '-nosymbols-', PDB: 'C:\WINDOWS\SYSTEM32\Secur32.dll', fileVersion: 10.0.19041.546
D:\Suli\Unity\Unity 2023.2.7f1\Editor\SketchUpCommonPreferences.dll:SketchUpCommonPreferences.dll (00007FFC016F0000), size: 499712 (result: 0), SymType: '-nosymbols-', PDB: 'D:\Suli\Unity\Unity 2023.2.7f1\Editor\SketchUpCommonPreferences.dll', fileVersion: 23.0.0.0
C:\WINDOWS\SYSTEM32\d3d12.dll:d3d12.dll (00007FFBEF940000), size: 131072 (result: 0), SymType: '-nosymbols-', PDB: 'C:\WINDOWS\SYSTEM32\d3d12.dll', fileVersion: 10.0.19041.1266
C:\WINDOWS\SYSTEM32\SSPICLI.DLL:SSPICLI.DLL (00007FFC0D490000), size: 204800 (result: 0), SymType: '-nosymbols-', PDB: 'C:\WINDOWS\SYSTEM32\SSPICLI.DLL', fileVersion: 10.0.19041.2130
C:\WINDOWS\SYSTEM32\kernel.appcore.dll:kernel.appcore.dll (00007FFC0B450000), size: 73728 (result: 0), SymType: '-nosymbols-', PDB: 'C:\WINDOWS\SYSTEM32\kernel.appcore.dll', fileVersion: 10.0.19041.546
D:\Suli\Unity\Unity 2023.2.7f1\Editor\OpenRL.dll:OpenRL.dll (00000280B8B00000), size: 12779520 (result: 0), SymType: '-nosymbols-', PDB: 'D:\Suli\Unity\Unity 2023.2.7f1\Editor\OpenRL.dll', fileVersion: 1.5.0.2907
C:\WINDOWS\SYSTEM32\MSVCP100.dll:MSVCP100.dll (0000000065410000), size: 622592 (result: 0), SymType: '-nosymbols-', PDB: 'C:\WINDOWS\SYSTEM32\MSVCP100.dll', fileVersion: 10.0.40219.473
C:\WINDOWS\SYSTEM32\MSVCR100.dll:MSVCR100.dll (0000000065330000), size: 860160 (result: 0), SymType: '-nosymbols-', PDB: 'C:\WINDOWS\SYSTEM32\MSVCR100.dll', fileVersion: 10.0.40219.473
D:\Suli\Unity\Unity 2023.2.7f1\Editor\embree.dll:embree.dll (00007FFBD67D0000), size: 16711680 (result: 0), SymType: '-nosymbols-', PDB: 'D:\Suli\Unity\Unity 2023.2.7f1\Editor\embree.dll', fileVersion: 2.14.0.0
D:\Suli\Unity\Unity 2023.2.7f1\Editor\tbb.dll:tbb.dll (00007FFC018D0000), size: 303104 (result: 0), SymType: '-nosymbols-', PDB: 'D:\Suli\Unity\Unity 2023.2.7f1\Editor\tbb.dll', fileVersion: 2020.3.2022.1111
C:\WINDOWS\SYSTEM32\MSWSOCK.DLL:MSWSOCK.DLL (00007FFC0CC80000), size: 434176 (result: 0), SymType: '-nosymbols-', PDB: 'C:\WINDOWS\SYSTEM32\MSWSOCK.DLL', fileVersion: 10.0.19041.546
D:\Suli\Unity\Unity 2023.2.7f1\Editor\OpenRL_pthread.dll:OpenRL_pthread.dll (00000280B9750000), size: 61440 (result: 0), SymType: '-nosymbols-', PDB: 'D:\Suli\Unity\Unity 2023.2.7f1\Editor\OpenRL_pthread.dll', fileVersion: 2.9.0.0
C:\WINDOWS\SYSTEM32\MSASN1.dll:MSASN1.dll (00007FFC0D110000), size: 73728 (result: 0), SymType: '-exported-', PDB: 'C:\WINDOWS\SYSTEM32\MSASN1.dll', fileVersion: 10.0.19041.2251
C:\WINDOWS\System32\bcryptprimitives.dll:bcryptprimitives.dll (00007FFC0DB60000), size: 532480 (result: 0), SymType: '-exported-', PDB: 'C:\WINDOWS\System32\bcryptprimitives.dll', fileVersion: 10.0.19041.2486
C:\WINDOWS\system32\uxtheme.dll:uxtheme.dll (00007FFC0AF80000), size: 647168 (result: 0), SymType: '-nosymbols-', PDB: 'C:\WINDOWS\system32\uxtheme.dll', fileVersion: 10.0.19041.2193
C:\WINDOWS\SYSTEM32\windows.storage.dll:windows.storage.dll (00007FFC0B650000), size: 7942144 (result: 0), SymType: '-nosymbols-', PDB: 'C:\WINDOWS\SYSTEM32\windows.storage.dll', fileVersion: 10.0.19041.3271
C:\WINDOWS\SYSTEM32\Wldp.dll:Wldp.dll (00007FFC0CF80000), size: 188416 (result: 0), SymType: '-nosymbols-', PDB: 'C:\WINDOWS\SYSTEM32\Wldp.dll', fileVersion: 10.0.19041.2788
C:\WINDOWS\System32\SHCORE.dll:SHCORE.dll (00007FFC0E3B0000), size: 708608 (result: 0), SymType: '-nosymbols-', PDB: 'C:\WINDOWS\System32\SHCORE.dll', fileVersion: 10.0.19041.1865
C:\WINDOWS\SYSTEM32\profapi.dll:profapi.dll (00007FFC0D4E0000), size: 151552 (result: 0), SymType: '-nosymbols-', PDB: 'C:\WINDOWS\SYSTEM32\profapi.dll', fileVersion: 10.0.19041.3155
C:\WINDOWS\system32\IconCodecService.dll:IconCodecService.dll (00007FFC0AD40000), size: 36864 (result: 0), SymType: '-nosymbols-', PDB: 'C:\WINDOWS\system32\IconCodecService.dll', fileVersion: 10.0.19041.1
C:\WINDOWS\SYSTEM32\WindowsCodecs.dll:WindowsCodecs.dll (00007FFC079D0000), size: 1785856 (result: 0), SymType: '-nosymbols-', PDB: 'C:\WINDOWS\SYSTEM32\WindowsCodecs.dll', fileVersion: 10.0.19041.1706
C:\WINDOWS\System32\clbcatq.dll:clbcatq.dll (00007FFC0E5D0000), size: 692224 (result: 0), SymType: '-nosymbols-', PDB: 'C:\WINDOWS\System32\clbcatq.dll', fileVersion: 2001.12.10941.16384
C:\WINDOWS\System32\netprofm.dll:netprofm.dll (00007FFC08D20000), size: 258048 (result: 0), SymType: '-nosymbols-', PDB: 'C:\WINDOWS\System32\netprofm.dll', fileVersion: 10.0.19041.3031
C:\WINDOWS\System32\NSI.dll:NSI.dll (00007FFC0E680000), size: 32768 (result: 0), SymType: '-nosymbols-', PDB: 'C:\WINDOWS\System32\NSI.dll', fileVersion: 10.0.19041.610
C:\WINDOWS\System32\npmproxy.dll:npmproxy.dll (00007FFC00220000), size: 65536 (result: 0), SymType: '-nosymbols-', PDB: 'C:\WINDOWS\System32\npmproxy.dll', fileVersion: 10.0.19041.3031
C:\WINDOWS\SYSTEM32\dhcpcsvc6.DLL:dhcpcsvc6.DLL (00007FFC02A70000), size: 94208 (result: 0), SymType: '-nosymbols-', PDB: 'C:\WINDOWS\SYSTEM32\dhcpcsvc6.DLL', fileVersion: 10.0.19041.2673
C:\WINDOWS\SYSTEM32\dhcpcsvc.DLL:dhcpcsvc.DLL (00007FFC02B70000), size: 118784 (result: 0), SymType: '-nosymbols-', PDB: 'C:\WINDOWS\SYSTEM32\dhcpcsvc.DLL', fileVersion: 10.0.19041.2673
C:\WINDOWS\SYSTEM32\DNSAPI.dll:DNSAPI.dll (00007FFC0C9B0000), size: 827392 (result: 0), SymType: '-nosymbols-', PDB: 'C:\WINDOWS\SYSTEM32\DNSAPI.dll', fileVersion: 10.0.19041.3031
C:\WINDOWS\system32\napinsp.dll:napinsp.dll (00007FFBF5970000), size: 94208 (result: 0), SymType: '-nosymbols-', PDB: 'C:\WINDOWS\system32\napinsp.dll', fileVersion: 10.0.19041.546
C:\WINDOWS\system32\pnrpnsp.dll:pnrpnsp.dll (00007FFBF5840000), size: 110592 (result: 0), SymType: '-nosymbols-', PDB: 'C:\WINDOWS\system32\pnrpnsp.dll', fileVersion: 10.0.19041.546
C:\WINDOWS\system32\wshbth.dll:wshbth.dll (00007FFBF5820000), size: 86016 (result: 0), SymType: '-nosymbols-', PDB: 'C:\WINDOWS\system32\wshbth.dll', fileVersion: 10.0.19041.546
C:\WINDOWS\system32\NLAapi.dll:NLAapi.dll (00007FFC08F30000), size: 118784 (result: 0), SymType: '-nosymbols-', PDB: 'C:\WINDOWS\system32\NLAapi.dll', fileVersion: 10.0.19041.3031
C:\WINDOWS\System32\winrnr.dll:winrnr.dll (00007FFBF5800000), size: 73728 (result: 0), SymType: '-nosymbols-', PDB: 'C:\WINDOWS\System32\winrnr.dll', fileVersion: 10.0.19041.546
C:\WINDOWS\System32\fwpuclnt.dll:fwpuclnt.dll (00007FFBFF5E0000), size: 532480 (result: 0), SymType: '-nosymbols-', PDB: 'C:\WINDOWS\System32\fwpuclnt.dll', fileVersion: 10.0.19041.3271
C:\Windows\System32\rasadhlp.dll:rasadhlp.dll (00007FFBFEF20000), size: 40960 (result: 0), SymType: '-nosymbols-', PDB: 'C:\Windows\System32\rasadhlp.dll', fileVersion: 10.0.19041.546
D:\Suli\Unity\Unity 2023.2.7f1\Editor\NVUnityPlugin.DLL:NVUnityPlugin.DLL (00007FFBDC570000), size: 1519616 (result: 0), SymType: '-nosymbols-', PDB: 'D:\Suli\Unity\Unity 2023.2.7f1\Editor\NVUnityPlugin.DLL'
D:\Suli\Unity\Unity 2023.2.7f1\Editor\Data\Tools\astcenc-sse42.dll:astcenc-sse42.dll (00007FFC01690000), size: 368640 (result: 0), SymType: '-nosymbols-', PDB: 'D:\Suli\Unity\Unity 2023.2.7f1\Editor\Data\Tools\astcenc-sse42.dll'
C:\WINDOWS\System32\MMDevApi.dll:MMDevApi.dll (00007FFC02F80000), size: 544768 (result: 0), SymType: '-nosymbols-', PDB: 'C:\WINDOWS\System32\MMDevApi.dll', fileVersion: 10.0.19041.1503
C:\WINDOWS\System32\DEVOBJ.dll:DEVOBJ.dll (00007FFC0D130000), size: 208896 (result: 0), SymType: '-nosymbols-', PDB: 'C:\WINDOWS\System32\DEVOBJ.dll', fileVersion: 10.0.19041.3155
C:\WINDOWS\SYSTEM32\aticfx64.dll:aticfx64.dll (00007FFC04A30000), size: 1454080 (result: 0), SymType: '-nosymbols-', PDB: 'C:\WINDOWS\SYSTEM32\aticfx64.dll', fileVersion: 8.17.10.1404
C:\WINDOWS\SYSTEM32\atiuxp64.dll:atiuxp64.dll (00007FFC049C0000), size: 180224 (result: 0), SymType: '-nosymbols-', PDB: 'C:\WINDOWS\SYSTEM32\atiuxp64.dll', fileVersion: 8.14.1.6463
C:\WINDOWS\SYSTEM32\atidxx64.dll:atidxx64.dll (00007FFC03F20000), size: 11120640 (result: 0), SymType: '-nosymbols-', PDB: 'C:\WINDOWS\SYSTEM32\atidxx64.dll', fileVersion: 8.17.10.625
C:\WINDOWS\SYSTEM32\dxcore.dll:dxcore.dll (00007FFC05260000), size: 241664 (result: 0), SymType: '-nosymbols-', PDB: 'C:\WINDOWS\SYSTEM32\dxcore.dll', fileVersion: 10.0.19041.546
C:\WINDOWS\system32\wbem\wbemprox.dll:wbemprox.dll (00007FFBFEA50000), size: 69632 (result: 0), SymType: '-nosymbols-', PDB: 'C:\WINDOWS\system32\wbem\wbemprox.dll', fileVersion: 10.0.19041.3271
C:\WINDOWS\SYSTEM32\wbemcomn.dll:wbemcomn.dll (00007FFBFE9C0000), size: 589824 (result: 0), SymType: '-nosymbols-', PDB: 'C:\WINDOWS\SYSTEM32\wbemcomn.dll', fileVersion: 10.0.19041.1566
C:\WINDOWS\system32\wbem\wbemsvc.dll:wbemsvc.dll (00007FFBFDA70000), size: 81920 (result: 0), SymType: '-nosymbols-', PDB: 'C:\WINDOWS\system32\wbem\wbemsvc.dll', fileVersion: 10.0.19041.3271
C:\WINDOWS\system32\wbem\fastprox.dll:fastprox.dll (00007FFBFDB80000), size: 1093632 (result: 0), SymType: '-nosymbols-', PDB: 'C:\WINDOWS\system32\wbem\fastprox.dll', fileVersion: 10.0.19041.546
C:\WINDOWS\SYSTEM32\amsi.dll:amsi.dll (00007FFBF53C0000), size: 126976 (result: 0), SymType: '-nosymbols-', PDB: 'C:\WINDOWS\SYSTEM32\amsi.dll', fileVersion: 10.0.19041.2075
C:\WINDOWS\SYSTEM32\USERENV.dll:USERENV.dll (00007FFC0D460000), size: 188416 (result: 0), SymType: '-nosymbols-', PDB: 'C:\WINDOWS\SYSTEM32\USERENV.dll', fileVersion: 10.0.19041.3155
C:\Program Files\Avast Software\Avast\aswAMSI.dll:aswAMSI.dll (00007FFBF4E00000), size: 954368 (result: 0), SymType: '-nosymbols-', PDB: 'C:\Program Files\Avast Software\Avast\aswAMSI.dll', fileVersion: 23.12.8700.0
C:\WINDOWS\SYSTEM32\opencl.dll:opencl.dll (00007FFC06BE0000), size: 90112 (result: 0), SymType: '-nosymbols-', PDB: 'C:\WINDOWS\SYSTEM32\opencl.dll', fileVersion: 2.0.4.0
D:\Suli\Unity\Unity 2023.2.7f1\Editor\radeonrays.dll:radeonrays.dll (00007FFBDE790000), size: 557056 (result: 0), SymType: '-exported-', PDB: 'D:\Suli\Unity\Unity 2023.2.7f1\Editor\radeonrays.dll'
D:\Suli\Unity\Unity 2023.2.7f1\Editor\Data\MonoBleedingEdge\EmbedRuntime\mono-2.0-bdwgc.dll:mono-2.0-bdwgc.dll (00007FFBD4260000), size: 10756096 (result: -529697949), SymType: '-deferred-', PDB: ''
C:\WINDOWS\SYSTEM32\dbghelp.dll:dbghelp.dll (00007FFC031E0000), size: 1982464 (result: 0), SymType: '-nosymbols-', PDB: 'C:\WINDOWS\SYSTEM32\dbghelp.dll', fileVersion: 10.0.19041.867
  ERROR: SymGetSymFromAddr64, GetLastError: 'Unknown error [-529697949]' (Address: 00007FFB5A0132FE)
0x00007FFB5A0132FE (Unity) (function-name not available)
  ERROR: SymGetSymFromAddr64, GetLastError: 'Unknown error [-529697949]' (Address: 00007FFB5A00F260)
0x00007FFB5A00F260 (Unity) (function-name not available)
  ERROR: SymGetSymFromAddr64, GetLastError: 'Unknown error [-529697949]' (Address: 00007FFB5A00DC13)
0x00007FFB5A00DC13 (Unity) (function-name not available)
  ERROR: SymGetSymFromAddr64, GetLastError: 'Unknown error [-529697949]' (Address: 00007FFB5A00E2D1)
  ERROR: SymGetModuleInfo64, GetLastError: 'Nincs elegend memria-erforrs a parancs feldolgozshoz.' (Address: 00007FFB5A00E2D1)
0x00007FFB5A00E2D1 ((<unknown>)) (function-name not available)
  ERROR: SymGetSymFromAddr64, GetLastError: 'A megadott modul nem tallhat.' (Address: 00007FFB5A00D41B)
  ERROR: SymGetModuleInfo64, GetLastError: 'Nincs elegend memria-erforrs a parancs feldolgozshoz.' (Address: 00007FFB5A00D41B)
0x00007FFB5A00D41B ((<unknown>)) (function-name not available)
  ERROR: SymGetSymFromAddr64, GetLastError: 'A megadott modul nem tallhat.' (Address: 00007FFB5A985EE2)
  ERROR: SymGetModuleInfo64, GetLastError: 'Nincs elegend memria-erforrs a parancs feldolgozshoz.' (Address: 00007FFB5A985EE2)
0x00007FFB5A985EE2 ((<unknown>)) (function-name not available)
  ERROR: SymGetSymFromAddr64, GetLastError: 'A megadott modul nem tallhat.' (Address: 00007FFB5A665666)
  ERROR: SymGetModuleInfo64, GetLastError: 'Nincs elegend memria-erforrs a parancs feldolgozshoz.' (Address: 00007FFB5A665666)
0x00007FFB5A665666 ((<unknown>)) (function-name not available)
  ERROR: SymGetSymFromAddr64, GetLastError: 'A megadott modul nem tallhat.' (Address: 00007FFB5A2F1FCC)
0x00007FFB5A2F1FCC (Unity) (function-name not available)
  ERROR: SymGetSymFromAddr64, GetLastError: 'A megadott modul nem tallhat.' (Address: 00007FFB5BF902B5)
  ERROR: SymGetModuleInfo64, GetLastError: 'Nincs elegend memria-erforrs a parancs feldolgozshoz.' (Address: 00007FFB5BF902B5)
0x00007FFB5BF902B5 ((<unknown>)) (function-name not available)
  ERROR: SymGetSymFromAddr64, GetLastError: 'A megadott modul nem tallhat.' (Address: 00007FFB5BF9A27A)
0x00007FFB5BF9A27A (Unity) (function-name not available)
  ERROR: SymGetSymFromAddr64, GetLastError: 'A megadott modul nem tallhat.' (Address: 00007FFB5BF8DB69)
0x00007FFB5BF8DB69 (Unity) (function-name not available)
  ERROR: SymGetSymFromAddr64, GetLastError: 'A megadott modul nem tallhat.' (Address: 00007FFB5A827B41)
0x00007FFB5A827B41 (Unity) (function-name not available)
  ERROR: SymGetSymFromAddr64, GetLastError: 'A megadott modul nem tallhat.' (Address: 00007FFB5A828B93)
0x00007FFB5A828B93 (Unity) (function-name not available)
  ERROR: SymGetSymFromAddr64, GetLastError: 'A megadott modul nem tallhat.' (Address: 00007FFB5A8287DD)
0x00007FFB5A8287DD (Unity) (function-name not available)
  ERROR: SymGetSymFromAddr64, GetLastError: 'A megadott modul nem tallhat.' (Address: 00007FFB5A7FC771)
0x00007FFB5A7FC771 (Unity) (function-name not available)
  ERROR: SymGetSymFromAddr64, GetLastError: 'A megadott modul nem tallhat.' (Address: 00007FFB5A7FCFD0)
0x00007FFB5A7FCFD0 (Unity) (function-name not available)
  ERROR: SymGetSymFromAddr64, GetLastError: 'A megadott modul nem tallhat.' (Address: 00007FFB5A8014C7)
0x00007FFB5A8014C7 (Unity) (function-name not available)
  ERROR: SymGetSymFromAddr64, GetLastError: 'A megadott modul nem tallhat.' (Address: 00007FFB59A1D68F)
0x00007FFB59A1D68F (Unity) (function-name not available)
  ERROR: SymGetSymFromAddr64, GetLastError: 'A megadott modul nem tallhat.' (Address: 00007FFB5A2C2C8E)
0x00007FFB5A2C2C8E (Unity) (function-name not available)
  ERROR: SymGetSymFromAddr64, GetLastError: 'A megadott modul nem tallhat.' (Address: 00007FFB5A2ED0CB)
0x00007FFB5A2ED0CB (Unity) (function-name not available)
  ERROR: SymGetSymFromAddr64, GetLastError: 'A megadott modul nem tallhat.' (Address: 00007FFB5A827B41)
0x00007FFB5A827B41 (Unity) (function-name not available)
  ERROR: SymGetSymFromAddr64, GetLastError: 'A megadott modul nem tallhat.' (Address: 00007FFB5A828B93)
0x00007FFB5A828B93 (Unity) (function-name not available)
  ERROR: SymGetSymFromAddr64, GetLastError: 'A megadott modul nem tallhat.' (Address: 00007FFB5A8287DD)
0x00007FFB5A8287DD (Unity) (function-name not available)
  ERROR: SymGetSymFromAddr64, GetLastError: 'A megadott modul nem tallhat.' (Address: 00007FFB5A7FC771)
0x00007FFB5A7FC771 (Unity) (function-name not available)
  ERROR: SymGetSymFromAddr64, GetLastError: 'A megadott modul nem tallhat.' (Address: 00007FFB5A7FCFD0)
0x00007FFB5A7FCFD0 (Unity) (function-name not available)
  ERROR: SymGetSymFromAddr64, GetLastError: 'A megadott modul nem tallhat.' (Address: 00007FFB5A8014C7)
0x00007FFB5A8014C7 (Unity) (function-name not available)
  ERROR: SymGetSymFromAddr64, GetLastError: 'A megadott modul nem tallhat.' (Address: 00007FFB5AD4247C)
0x00007FFB5AD4247C (Unity) (function-name not available)
  ERROR: SymGetSymFromAddr64, GetLastError: 'A megadott modul nem tallhat.' (Address: 00007FFB5B350181)
0x00007FFB5B350181 (Unity) (function-name not available)
  ERROR: SymGetSymFromAddr64, GetLastError: 'A megadott modul nem tallhat.' (Address: 00007FFB5B350320)
0x00007FFB5B350320 (Unity) (function-name not available)
  ERROR: SymGetSymFromAddr64, GetLastError: 'A megadott modul nem tallhat.' (Address: 00007FFB59D4918A)
0x00007FFB59D4918A (Unity) (function-name not available)
0x00000282936BF36D (Mono JIT Code) (wrapper managed-to-native) UnityEditor.Experimental.EditorResources:Load_Injected (UnityEngine.Bindings.ManagedSpanWrapper&,System.Type)
0x00000282936BEF0B (Mono JIT Code) UnityEditor.Experimental.EditorResources:Load (string,System.Type)
0x00000282936BEADB (Mono JIT Code) UnityEditor.EditorGUIUtility:Load (string,System.Type)
0x00000282936C585B (Mono JIT Code) UnityEditor.EditorGUIUtility:LoadRequired (string)
0x00000282D39095DB (Mono JIT Code) UnityEditor.MaterialEditor:Init ()
0x00000282D3908D53 (Mono JIT Code) UnityEditor.MaterialEditor:RenderStaticPreview (string,UnityEngine.Object[],int,int)
0x0000028286489359 (Mono JIT Code) UnityEditor.AssetPreviewUpdater:CreatePreview (UnityEngine.Object,UnityEngine.Object[],string,int,int)
0x0000028286489043 (Mono JIT Code) UnityEditor.AssetPreviewUpdater:CreatePreviewForAsset (UnityEngine.Object,UnityEngine.Object[],string)
0x0000028286489100 (Mono JIT Code) (wrapper runtime-invoke) <Module>:runtime_invoke_object_object_object_object (object,intptr,intptr,intptr)
  ERROR: SymGetSymFromAddr64, GetLastError: 'A megadott modul nem tallhat.' (Address: 00007FFBD44E694E)
0x00007FFBD44E694E (mono-2.0-bdwgc) (function-name not available)
  ERROR: SymGetSymFromAddr64, GetLastError: 'A megadott modul nem tallhat.' (Address: 00007FFBD4428464)
0x00007FFBD4428464 (mono-2.0-bdwgc) (function-name not available)
  ERROR: SymGetSymFromAddr64, GetLastError: 'A megadott modul nem tallhat.' (Address: 00007FFBD4428550)
0x00007FFBD4428550 (mono-2.0-bdwgc) (function-name not available)
  ERROR: SymGetSymFromAddr64, GetLastError: 'A megadott modul nem tallhat.' (Address: 00007FFB5A767F84)
0x00007FFB5A767F84 (Unity) (function-name not available)
  ERROR: SymGetSymFromAddr64, GetLastError: 'A megadott modul nem tallhat.' (Address: 00007FFB5A742B23)
0x00007FFB5A742B23 (Unity) (function-name not available)
  ERROR: SymGetSymFromAddr64, GetLastError: 'A megadott modul nem tallhat.' (Address: 00007FFB5BBA356E)
0x00007FFB5BBA356E (Unity) (function-name not available)
  ERROR: SymGetSymFromAddr64, GetLastError: 'A megadott modul nem tallhat.' (Address: 00007FFB5BBA4218)
0x00007FFB5BBA4218 (Unity) (function-name not available)
  ERROR: SymGetSymFromAddr64, GetLastError: 'A megadott modul nem tallhat.' (Address: 00007FFB5BBA482B)
0x00007FFB5BBA482B (Unity) (function-name not available)
  ERROR: SymGetSymFromAddr64, GetLastError: 'A megadott modul nem tallhat.' (Address: 00007FFB5BBA20A4)
0x00007FFB5BBA20A4 (Unity) (function-name not available)
  ERROR: SymGetSymFromAddr64, GetLastError: 'A megadott modul nem tallhat.' (Address: 00007FFB5BC9E3F4)
0x00007FFB5BC9E3F4 (Unity) (function-name not available)
  ERROR: SymGetSymFromAddr64, GetLastError: 'A megadott modul nem tallhat.' (Address: 00007FFB5BC9D276)
0x00007FFB5BC9D276 (Unity) (function-name not available)
  ERROR: SymGetSymFromAddr64, GetLastError: 'A megadott modul nem tallhat.' (Address: 00007FFB5BC3AF4E)
0x00007FFB5BC3AF4E (Unity) (function-name not available)
  ERROR: SymGetSymFromAddr64, GetLastError: 'A megadott modul nem tallhat.' (Address: 00007FFB5BBEE6AE)
0x00007FFB5BBEE6AE (Unity) (function-name not available)
  ERROR: SymGetSymFromAddr64, GetLastError: 'A megadott modul nem tallhat.' (Address: 00007FFB5BCD134E)
0x00007FFB5BCD134E (Unity) (function-name not available)
  ERROR: SymGetSymFromAddr64, GetLastError: 'A megadott modul nem tallhat.' (Address: 00007FFB5BCBDFFE)
0x00007FFB5BCBDFFE (Unity) (function-name not available)
  ERROR: SymGetSymFromAddr64, GetLastError: 'A megadott modul nem tallhat.' (Address: 00007FFB5BCBFB44)
0x00007FFB5BCBFB44 (Unity) (function-name not available)
  ERROR: SymGetSymFromAddr64, GetLastError: 'A megadott modul nem tallhat.' (Address: 00007FFB5BCCFAEC)
0x00007FFB5BCCFAEC (Unity) (function-name not available)
  ERROR: SymGetSymFromAddr64, GetLastError: 'A megadott modul nem tallhat.' (Address: 00007FFB5BC183C6)
0x00007FFB5BC183C6 (Unity) (function-name not available)
  ERROR: SymGetSymFromAddr64, GetLastError: 'A megadott modul nem tallhat.' (Address: 00007FFB5BC1848B)
0x00007FFB5BC1848B (Unity) (function-name not available)
  ERROR: SymGetSymFromAddr64, GetLastError: 'A megadott modul nem tallhat.' (Address: 00007FFB5B431F08)
0x00007FFB5B431F08 (Unity) (function-name not available)
  ERROR: SymGetSymFromAddr64, GetLastError: 'A megadott modul nem tallhat.' (Address: 00007FFB5B88011E)
0x00007FFB5B88011E (Unity) (function-name not available)
  ERROR: SymGetModuleInfo64, GetLastError: 'Nincs elegend memria-erforrs a parancs feldolgozshoz.' (Address: 00007FF7CC412CDA)
0x00007FF7CC412CDA ((<unknown>)) __scrt_common_main_seh
  ERROR: SymGetSymFromAddr64, GetLastError: 'rvnytelen cm hozzfrsre tett ksrlet.' (Address: 00007FFC0FD87614)
  ERROR: SymGetModuleInfo64, GetLastError: 'Nincs elegend memria-erforrs a parancs feldolgozshoz.' (Address: 00007FFC0FD87614)
0x00007FFC0FD87614 ((<unknown>)) (function-name not available)
  ERROR: SymGetSymFromAddr64, GetLastError: 'rvnytelen cm hozzfrsre tett ksrlet.' (Address: 00007FFC0FF226B1)
  ERROR: SymGetModuleInfo64, GetLastError: 'Nincs elegend memria-erforrs a parancs feldolgozshoz.' (Address: 00007FFC0FF226B1)
0x00007FFC0FF226B1 ((<unknown>)) (function-name not available)

========== END OF STACKTRACE ===========

A crash has been intercepted by the crash handler. For call stack and other details, see the latest crash report generated in:
 * C:/Users/GHOST3~1/AppData/Local/Temp/Unity/Editor/Crashes
